2020-07-12 00:14:27 [restartedMain] INFO  c.b.fizzbuzz.FizzbuzzApplication - Starting FizzbuzzApplication on ni-89126-3 with PID 11252 (/home/gpjunior/workspace/pessoal/fizzbuzz/target/classes started by gpjunior in /home/gpjunior/workspace/pessoal/fizzbuzz)
2020-07-12 00:14:27 [restartedMain] INFO  c.b.fizzbuzz.FizzbuzzApplication - No active profile set, falling back to default profiles: default
2020-07-12 00:14:27 [restartedMain] INFO  o.s.b.d.e.DevToolsPropertyDefaultsPostProcessor - Devtools property defaults active! Set 'spring.devtools.add-properties' to 'false' to disable
2020-07-12 00:14:27 [restartedMain] INFO  o.s.b.d.e.DevToolsPropertyDefaultsPostProcessor - For additional web related logging consider setting the 'logging.level.web' property to 'DEBUG'
2020-07-12 00:14:29 [restartedMain] INFO  o.s.b.w.e.tomcat.TomcatWebServer - Tomcat initialized with port(s): 8080 (http)
2020-07-12 00:14:29 [restartedMain] INFO  o.a.coyote.http11.Http11NioProtocol - Initializing ProtocolHandler ["http-nio-8080"]
2020-07-12 00:14:29 [restartedMain] INFO  o.a.catalina.core.StandardService - Starting service [Tomcat]
2020-07-12 00:14:29 [restartedMain] INFO  o.a.catalina.core.StandardEngine - Starting Servlet engine: [Apache Tomcat/9.0.36]
2020-07-12 00:14:29 [restartedMain] INFO  o.a.c.c.C.[Tomcat].[localhost].[/] - Initializing Spring embedded WebApplicationContext
2020-07-12 00:14:29 [restartedMain] INFO  o.s.b.w.s.c.ServletWebServerApplicationContext - Root WebApplicationContext: initialization completed in 2046 ms
2020-07-12 00:14:29 [restartedMain] INFO  o.s.s.c.ThreadPoolTaskExecutor - Initializing ExecutorService 'applicationTaskExecutor'
2020-07-12 00:14:30 [restartedMain] INFO  o.s.b.d.a.OptionalLiveReloadServer - LiveReload server is running on port 35729
2020-07-12 00:14:30 [restartedMain] INFO  o.s.b.a.e.web.EndpointLinksResolver - Exposing 2 endpoint(s) beneath base path '/actuator'
2020-07-12 00:14:30 [restartedMain] INFO  o.a.coyote.http11.Http11NioProtocol - Starting ProtocolHandler ["http-nio-8080"]
2020-07-12 00:14:30 [restartedMain] INFO  o.s.b.w.e.tomcat.TomcatWebServer - Tomcat started on port(s): 8080 (http) with context path ''
2020-07-12 00:14:30 [restartedMain] INFO  c.b.fizzbuzz.FizzbuzzApplication - Started FizzbuzzApplication in 3.443 seconds (JVM running for 4.336)
2020-07-12 00:15:15 [http-nio-8080-exec-2] INFO  o.a.c.c.C.[Tomcat].[localhost].[/] - Initializing Spring DispatcherServlet 'dispatcherServlet'
2020-07-12 00:15:15 [http-nio-8080-exec-2] INFO  o.s.web.servlet.DispatcherServlet - Initializing Servlet 'dispatcherServlet'
2020-07-12 00:15:15 [http-nio-8080-exec-2] INFO  o.s.web.servlet.DispatcherServlet - Completed initialization in 18 ms
2020-07-12 00:15:15 [http-nio-8080-exec-2] INFO  c.b.f.controller.FizzBuzzController - Logando o info
2020-07-12 00:15:15 [http-nio-8080-exec-2] WARN  c.b.f.controller.FizzBuzzController - Logando o warn
2020-07-12 00:15:15 [http-nio-8080-exec-2] ERROR c.b.f.controller.FizzBuzzController - Logando o error
2020-07-12 00:15:46 [http-nio-8080-exec-1] WARN  o.s.w.s.m.s.DefaultHandlerExceptionResolver - Resolved [org.springframework.web.bind.MissingServletRequestParameterException: Required Integer parameter 'number' is not present]
2020-07-12 00:16:29 [http-nio-8080-exec-4] WARN  o.s.w.s.m.s.DefaultHandlerExceptionResolver - Resolved [org.springframework.web.bind.MissingServletRequestParameterException: Required Integer parameter 'number' is not present]
2020-07-12 00:16:35 [http-nio-8080-exec-5] WARN  o.s.w.s.m.s.DefaultHandlerExceptionResolver - Resolved [org.springframework.web.bind.MissingServletRequestParameterException: Required Integer parameter 'number' is not present]
2020-07-12 00:16:43 [SpringContextShutdownHook] INFO  o.s.s.c.ThreadPoolTaskExecutor - Shutting down ExecutorService 'applicationTaskExecutor'
2020-07-12 00:17:40 [restartedMain] INFO  c.b.fizzbuzz.FizzbuzzApplication - Starting FizzbuzzApplication on ni-89126-3 with PID 12917 (/home/gpjunior/workspace/pessoal/fizzbuzz/target/classes started by gpjunior in /home/gpjunior/workspace/pessoal/fizzbuzz)
2020-07-12 00:17:40 [restartedMain] INFO  c.b.fizzbuzz.FizzbuzzApplication - No active profile set, falling back to default profiles: default
2020-07-12 00:17:40 [restartedMain] INFO  o.s.b.d.e.DevToolsPropertyDefaultsPostProcessor - Devtools property defaults active! Set 'spring.devtools.add-properties' to 'false' to disable
2020-07-12 00:17:40 [restartedMain] INFO  o.s.b.d.e.DevToolsPropertyDefaultsPostProcessor - For additional web related logging consider setting the 'logging.level.web' property to 'DEBUG'
2020-07-12 00:17:42 [restartedMain] INFO  o.s.b.w.e.tomcat.TomcatWebServer - Tomcat initialized with port(s): 8080 (http)
2020-07-12 00:17:42 [restartedMain] INFO  o.a.coyote.http11.Http11NioProtocol - Initializing ProtocolHandler ["http-nio-8080"]
2020-07-12 00:17:42 [restartedMain] INFO  o.a.catalina.core.StandardService - Starting service [Tomcat]
2020-07-12 00:17:42 [restartedMain] INFO  o.a.catalina.core.StandardEngine - Starting Servlet engine: [Apache Tomcat/9.0.36]
2020-07-12 00:17:42 [restartedMain] INFO  o.a.c.c.C.[Tomcat].[localhost].[/] - Initializing Spring embedded WebApplicationContext
2020-07-12 00:17:42 [restartedMain] INFO  o.s.b.w.s.c.ServletWebServerApplicationContext - Root WebApplicationContext: initialization completed in 1780 ms
2020-07-12 00:17:42 [restartedMain] INFO  o.s.s.c.ThreadPoolTaskExecutor - Initializing ExecutorService 'applicationTaskExecutor'
2020-07-12 00:17:43 [restartedMain] INFO  o.s.b.d.a.OptionalLiveReloadServer - LiveReload server is running on port 35729
2020-07-12 00:17:43 [restartedMain] INFO  o.s.b.a.e.web.EndpointLinksResolver - Exposing 2 endpoint(s) beneath base path '/actuator'
2020-07-12 00:17:43 [restartedMain] INFO  o.a.coyote.http11.Http11NioProtocol - Starting ProtocolHandler ["http-nio-8080"]
2020-07-12 00:17:43 [restartedMain] INFO  o.s.b.w.e.tomcat.TomcatWebServer - Tomcat started on port(s): 8080 (http) with context path ''
2020-07-12 00:17:43 [restartedMain] INFO  c.b.fizzbuzz.FizzbuzzApplication - Started FizzbuzzApplication in 3.207 seconds (JVM running for 4.001)
2020-07-12 00:18:00 [http-nio-8080-exec-1] INFO  o.a.c.c.C.[Tomcat].[localhost].[/] - Initializing Spring DispatcherServlet 'dispatcherServlet'
2020-07-12 00:18:00 [http-nio-8080-exec-1] INFO  o.s.web.servlet.DispatcherServlet - Initializing Servlet 'dispatcherServlet'
2020-07-12 00:18:00 [http-nio-8080-exec-1] INFO  o.s.web.servlet.DispatcherServlet - Completed initialization in 13 ms
2020-07-12 00:18:21 [http-nio-8080-exec-4] INFO  c.b.f.controller.FizzBuzzController - Logando o info
2020-07-12 00:18:21 [http-nio-8080-exec-4] WARN  c.b.f.controller.FizzBuzzController - Logando o warn
2020-07-12 00:18:21 [http-nio-8080-exec-4] ERROR c.b.f.controller.FizzBuzzController - Logando o error
2020-07-12 00:18:29 [http-nio-8080-exec-5] INFO  c.b.f.controller.FizzBuzzController - Logando o info
2020-07-12 00:18:29 [http-nio-8080-exec-5] WARN  c.b.f.controller.FizzBuzzController - Logando o warn
2020-07-12 00:18:29 [http-nio-8080-exec-5] ERROR c.b.f.controller.FizzBuzzController - Logando o error
2020-07-12 00:18:44 [http-nio-8080-exec-6] INFO  c.b.f.controller.FizzBuzzController - Logando o info
2020-07-12 00:18:44 [http-nio-8080-exec-6] WARN  c.b.f.controller.FizzBuzzController - Logando o warn
2020-07-12 00:18:44 [http-nio-8080-exec-6] ERROR c.b.f.controller.FizzBuzzController - Logando o error
2020-07-12 00:19:01 [SpringContextShutdownHook] INFO  o.s.s.c.ThreadPoolTaskExecutor - Shutting down ExecutorService 'applicationTaskExecutor'
2020-07-12 00:19:24 [restartedMain] INFO  c.b.fizzbuzz.FizzbuzzApplication - Starting FizzbuzzApplication on ni-89126-3 with PID 13696 (/home/gpjunior/workspace/pessoal/fizzbuzz/target/classes started by gpjunior in /home/gpjunior/workspace/pessoal/fizzbuzz)
2020-07-12 00:19:24 [restartedMain] INFO  c.b.fizzbuzz.FizzbuzzApplication - No active profile set, falling back to default profiles: default
2020-07-12 00:19:24 [restartedMain] INFO  o.s.b.d.e.DevToolsPropertyDefaultsPostProcessor - Devtools property defaults active! Set 'spring.devtools.add-properties' to 'false' to disable
2020-07-12 00:19:24 [restartedMain] INFO  o.s.b.d.e.DevToolsPropertyDefaultsPostProcessor - For additional web related logging consider setting the 'logging.level.web' property to 'DEBUG'
2020-07-12 00:19:26 [restartedMain] INFO  o.s.b.w.e.tomcat.TomcatWebServer - Tomcat initialized with port(s): 8080 (http)
2020-07-12 00:19:26 [restartedMain] INFO  o.a.coyote.http11.Http11NioProtocol - Initializing ProtocolHandler ["http-nio-8080"]
2020-07-12 00:19:26 [restartedMain] INFO  o.a.catalina.core.StandardService - Starting service [Tomcat]
2020-07-12 00:19:26 [restartedMain] INFO  o.a.catalina.core.StandardEngine - Starting Servlet engine: [Apache Tomcat/9.0.36]
2020-07-12 00:19:26 [restartedMain] INFO  o.a.c.c.C.[Tomcat].[localhost].[/] - Initializing Spring embedded WebApplicationContext
2020-07-12 00:19:26 [restartedMain] INFO  o.s.b.w.s.c.ServletWebServerApplicationContext - Root WebApplicationContext: initialization completed in 2036 ms
2020-07-12 00:19:27 [restartedMain] INFO  o.s.s.c.ThreadPoolTaskExecutor - Initializing ExecutorService 'applicationTaskExecutor'
2020-07-12 00:19:27 [restartedMain] INFO  o.s.b.d.a.OptionalLiveReloadServer - LiveReload server is running on port 35729
2020-07-12 00:19:27 [restartedMain] INFO  o.s.b.a.e.web.EndpointLinksResolver - Exposing 2 endpoint(s) beneath base path '/actuator'
2020-07-12 00:19:27 [restartedMain] INFO  o.a.coyote.http11.Http11NioProtocol - Starting ProtocolHandler ["http-nio-8080"]
2020-07-12 00:19:27 [restartedMain] INFO  o.s.b.w.e.tomcat.TomcatWebServer - Tomcat started on port(s): 8080 (http) with context path ''
2020-07-12 00:19:27 [restartedMain] INFO  c.b.fizzbuzz.FizzbuzzApplication - Started FizzbuzzApplication in 3.546 seconds (JVM running for 4.367)
2020-07-12 00:19:38 [SpringContextShutdownHook] INFO  o.s.s.c.ThreadPoolTaskExecutor - Shutting down ExecutorService 'applicationTaskExecutor'
2020-07-12 00:19:53 [restartedMain] INFO  c.b.fizzbuzz.FizzbuzzApplication - Starting FizzbuzzApplication on ni-89126-3 with PID 14151 (/home/gpjunior/workspace/pessoal/fizzbuzz/target/classes started by gpjunior in /home/gpjunior/workspace/pessoal/fizzbuzz)
2020-07-12 00:19:53 [restartedMain] INFO  c.b.fizzbuzz.FizzbuzzApplication - No active profile set, falling back to default profiles: default
2020-07-12 00:19:53 [restartedMain] INFO  o.s.b.d.e.DevToolsPropertyDefaultsPostProcessor - Devtools property defaults active! Set 'spring.devtools.add-properties' to 'false' to disable
2020-07-12 00:19:53 [restartedMain] INFO  o.s.b.d.e.DevToolsPropertyDefaultsPostProcessor - For additional web related logging consider setting the 'logging.level.web' property to 'DEBUG'
2020-07-12 00:19:55 [restartedMain] INFO  o.s.b.w.e.tomcat.TomcatWebServer - Tomcat initialized with port(s): 8080 (http)
2020-07-12 00:19:55 [restartedMain] INFO  o.a.coyote.http11.Http11NioProtocol - Initializing ProtocolHandler ["http-nio-8080"]
2020-07-12 00:19:55 [restartedMain] INFO  o.a.catalina.core.StandardService - Starting service [Tomcat]
2020-07-12 00:19:55 [restartedMain] INFO  o.a.catalina.core.StandardEngine - Starting Servlet engine: [Apache Tomcat/9.0.36]
2020-07-12 00:19:55 [restartedMain] INFO  o.a.c.c.C.[Tomcat].[localhost].[/] - Initializing Spring embedded WebApplicationContext
2020-07-12 00:19:55 [restartedMain] INFO  o.s.b.w.s.c.ServletWebServerApplicationContext - Root WebApplicationContext: initialization completed in 1762 ms
2020-07-12 00:19:55 [restartedMain] INFO  o.s.s.c.ThreadPoolTaskExecutor - Initializing ExecutorService 'applicationTaskExecutor'
2020-07-12 00:19:56 [restartedMain] INFO  o.s.b.d.a.OptionalLiveReloadServer - LiveReload server is running on port 35729
2020-07-12 00:19:56 [restartedMain] INFO  o.s.b.a.e.web.EndpointLinksResolver - Exposing 2 endpoint(s) beneath base path '/actuator'
2020-07-12 00:19:56 [restartedMain] INFO  o.a.coyote.http11.Http11NioProtocol - Starting ProtocolHandler ["http-nio-8080"]
2020-07-12 00:19:56 [restartedMain] INFO  o.s.b.w.e.tomcat.TomcatWebServer - Tomcat started on port(s): 8080 (http) with context path ''
2020-07-12 00:19:56 [restartedMain] INFO  c.b.fizzbuzz.FizzbuzzApplication - Started FizzbuzzApplication in 3.166 seconds (JVM running for 3.981)
2020-07-12 00:20:06 [http-nio-8080-exec-1] INFO  o.a.c.c.C.[Tomcat].[localhost].[/] - Initializing Spring DispatcherServlet 'dispatcherServlet'
2020-07-12 00:20:06 [http-nio-8080-exec-1] INFO  o.s.web.servlet.DispatcherServlet - Initializing Servlet 'dispatcherServlet'
2020-07-12 00:20:06 [http-nio-8080-exec-1] INFO  o.s.web.servlet.DispatcherServlet - Completed initialization in 9 ms
2020-07-12 00:20:06 [http-nio-8080-exec-1] INFO  c.b.f.controller.FizzBuzzController - Logando o info
2020-07-12 00:20:06 [http-nio-8080-exec-1] WARN  c.b.f.controller.FizzBuzzController - Logando o warn
2020-07-12 00:20:06 [http-nio-8080-exec-1] ERROR c.b.f.controller.FizzBuzzController - Logando o error
2020-07-12 00:20:14 [http-nio-8080-exec-2] INFO  c.b.f.controller.FizzBuzzController - Logando o info
2020-07-12 00:20:14 [http-nio-8080-exec-2] WARN  c.b.f.controller.FizzBuzzController - Logando o warn
2020-07-12 00:20:14 [http-nio-8080-exec-2] ERROR c.b.f.controller.FizzBuzzController - Logando o error
2020-07-12 00:20:37 [SpringContextShutdownHook] INFO  o.s.s.c.ThreadPoolTaskExecutor - Shutting down ExecutorService 'applicationTaskExecutor'
2020-07-12 00:23:41 [restartedMain] INFO  c.b.fizzbuzz.FizzbuzzApplication - Starting FizzbuzzApplication on ni-89126-3 with PID 16371 (/home/gpjunior/workspace/pessoal/fizzbuzz/target/classes started by gpjunior in /home/gpjunior/workspace/pessoal/fizzbuzz)
2020-07-12 00:23:41 [restartedMain] INFO  c.b.fizzbuzz.FizzbuzzApplication - No active profile set, falling back to default profiles: default
2020-07-12 00:23:41 [restartedMain] INFO  o.s.b.d.e.DevToolsPropertyDefaultsPostProcessor - Devtools property defaults active! Set 'spring.devtools.add-properties' to 'false' to disable
2020-07-12 00:23:41 [restartedMain] INFO  o.s.b.d.e.DevToolsPropertyDefaultsPostProcessor - For additional web related logging consider setting the 'logging.level.web' property to 'DEBUG'
2020-07-12 00:23:43 [restartedMain] INFO  o.s.b.w.e.tomcat.TomcatWebServer - Tomcat initialized with port(s): 8080 (http)
2020-07-12 00:23:43 [restartedMain] INFO  o.a.coyote.http11.Http11NioProtocol - Initializing ProtocolHandler ["http-nio-8080"]
2020-07-12 00:23:43 [restartedMain] INFO  o.a.catalina.core.StandardService - Starting service [Tomcat]
2020-07-12 00:23:43 [restartedMain] INFO  o.a.catalina.core.StandardEngine - Starting Servlet engine: [Apache Tomcat/9.0.36]
2020-07-12 00:23:43 [restartedMain] INFO  o.a.c.c.C.[Tomcat].[localhost].[/] - Initializing Spring embedded WebApplicationContext
2020-07-12 00:23:43 [restartedMain] INFO  o.s.b.w.s.c.ServletWebServerApplicationContext - Root WebApplicationContext: initialization completed in 1808 ms
2020-07-12 00:23:44 [restartedMain] INFO  o.s.s.c.ThreadPoolTaskExecutor - Initializing ExecutorService 'applicationTaskExecutor'
2020-07-12 00:23:44 [restartedMain] INFO  o.s.b.d.a.OptionalLiveReloadServer - LiveReload server is running on port 35729
2020-07-12 00:23:44 [restartedMain] INFO  o.s.b.a.e.web.EndpointLinksResolver - Exposing 2 endpoint(s) beneath base path '/actuator'
2020-07-12 00:23:44 [restartedMain] INFO  o.a.coyote.http11.Http11NioProtocol - Starting ProtocolHandler ["http-nio-8080"]
2020-07-12 00:23:44 [restartedMain] INFO  o.s.b.w.e.tomcat.TomcatWebServer - Tomcat started on port(s): 8080 (http) with context path ''
2020-07-12 00:23:44 [restartedMain] INFO  c.b.fizzbuzz.FizzbuzzApplication - Started FizzbuzzApplication in 3.176 seconds (JVM running for 4.005)
2020-07-12 00:24:00 [http-nio-8080-exec-1] INFO  o.a.c.c.C.[Tomcat].[localhost].[/] - Initializing Spring DispatcherServlet 'dispatcherServlet'
2020-07-12 00:24:00 [http-nio-8080-exec-1] INFO  o.s.web.servlet.DispatcherServlet - Initializing Servlet 'dispatcherServlet'
2020-07-12 00:24:00 [http-nio-8080-exec-1] INFO  o.s.web.servlet.DispatcherServlet - Completed initialization in 21 ms
2020-07-12 00:24:00 [http-nio-8080-exec-1] INFO  c.b.f.controller.FizzBuzzController - Logando o info
2020-07-12 00:24:00 [http-nio-8080-exec-1] WARN  c.b.f.controller.FizzBuzzController - Logando o warn
2020-07-12 00:24:00 [http-nio-8080-exec-1] ERROR c.b.f.controller.FizzBuzzController - Logando o error
2020-07-12 00:24:09 [http-nio-8080-exec-2] INFO  c.b.f.business.FizzBuzzBusiness - Calculando o fizbuzz do numero 15
2020-07-12 00:24:09 [http-nio-8080-exec-2] INFO  c.b.f.business.FizzBuzzBusiness - Calculado o fizbuzz do numero 16 : 1, 2, Fizz, 4, Buzz, Fizz, 7, 8, Fizz, Buzz, 11, Fizz, 13, 14, Fizz Buzz
2020-07-12 00:24:25 [http-nio-8080-exec-3] WARN  o.s.w.s.m.s.DefaultHandlerExceptionResolver - Resolved [org.springframework.web.method.annotation.MethodArgumentTypeMismatchException: Failed to convert value of type 'java.lang.String' to required type 'java.lang.Integer'; nested exception is java.lang.NumberFormatException: For input string: "12.5"]
2020-07-12 00:24:45 [http-nio-8080-exec-4] INFO  c.b.f.business.FizzBuzzBusiness - Calculando o fizbuzz do numero 0
2020-07-12 00:24:45 [http-nio-8080-exec-4] ERROR c.b.f.business.FizzBuzzBusiness - Erro ao calcular o fizbuzz do numero 0
2020-07-13 00:42:38 [main] INFO  c.b.f.business.FizzBuzzBusiness - Calculando o fizbuzz do numero -1
2020-07-13 00:42:38 [main] ERROR c.b.f.business.FizzBuzzBusiness - Erro ao calcular o fizbuzz do numero -1
2020-07-13 00:42:38 [main] INFO  c.b.f.business.FizzBuzzBusiness - Calculando o fizbuzz do numero 5
2020-07-13 00:42:38 [main] INFO  c.b.f.business.FizzBuzzBusiness - Calculado o fizbuzz do numero 6 : 1, 2, Fizz, 4, Buzz
2020-07-13 00:42:38 [main] INFO  c.b.f.business.FizzBuzzBusiness - Calculando o fizbuzz do numero 0
2020-07-13 00:42:38 [main] ERROR c.b.f.business.FizzBuzzBusiness - Erro ao calcular o fizbuzz do numero 0
2020-07-13 00:42:38 [main] INFO  c.b.f.business.FizzBuzzBusiness - Calculando o fizbuzz do numero 3
2020-07-13 00:42:38 [main] INFO  c.b.f.business.FizzBuzzBusiness - Calculado o fizbuzz do numero 4 : 1, 2, Fizz
2020-07-13 00:42:38 [main] INFO  c.b.f.business.FizzBuzzBusiness - Calculando o fizbuzz do numero 15
2020-07-13 00:42:38 [main] INFO  c.b.f.business.FizzBuzzBusiness - Calculado o fizbuzz do numero 16 : 1, 2, Fizz, 4, Buzz, Fizz, 7, 8, Fizz, Buzz, 11, Fizz, 13, 14, Fizz Buzz
2020-07-13 00:44:00 [main] INFO  c.b.f.business.FizzBuzzBusiness - Calculando o fizbuzz do numero -1
2020-07-13 00:44:00 [main] ERROR c.b.f.business.FizzBuzzBusiness - Erro ao calcular o fizbuzz do numero -1
2020-07-13 00:44:00 [main] INFO  c.b.f.business.FizzBuzzBusiness - Calculando o fizbuzz do numero 5
2020-07-13 00:44:00 [main] INFO  c.b.f.business.FizzBuzzBusiness - Calculado o fizbuzz do numero 6 : 1, 2, Fizz, 4, Buzz
2020-07-13 00:44:00 [main] INFO  c.b.f.business.FizzBuzzBusiness - Calculando o fizbuzz do numero 0
2020-07-13 00:44:00 [main] ERROR c.b.f.business.FizzBuzzBusiness - Erro ao calcular o fizbuzz do numero 0
2020-07-13 00:44:00 [main] INFO  c.b.f.business.FizzBuzzBusiness - Calculando o fizbuzz do numero 3
2020-07-13 00:44:00 [main] INFO  c.b.f.business.FizzBuzzBusiness - Calculado o fizbuzz do numero 4 : 1, 2, Fizz
2020-07-13 00:44:00 [main] INFO  c.b.f.business.FizzBuzzBusiness - Calculando o fizbuzz do numero 15
2020-07-13 00:44:00 [main] INFO  c.b.f.business.FizzBuzzBusiness - Calculado o fizbuzz do numero 16 : 1, 2, Fizz, 4, Buzz, Fizz, 7, 8, Fizz, Buzz, 11, Fizz, 13, 14, Fizz Buzz
2020-07-13 00:46:56 [main] INFO  c.b.f.business.FizzBuzzBusiness - Calculando o fizbuzz do numero -1
2020-07-13 00:46:56 [main] INFO  c.b.f.business.FizzBuzzBusiness - Calculando o fizbuzz do numero 5
2020-07-13 00:46:56 [main] INFO  c.b.f.business.FizzBuzzBusiness - Calculado o fizbuzz do numero 6 : 1, 2, Fizz, 4, Buzz
2020-07-13 00:46:56 [main] INFO  c.b.f.business.FizzBuzzBusiness - Calculando o fizbuzz do numero 0
2020-07-13 00:46:56 [main] INFO  c.b.f.business.FizzBuzzBusiness - Calculando o fizbuzz do numero 3
2020-07-13 00:46:56 [main] INFO  c.b.f.business.FizzBuzzBusiness - Calculado o fizbuzz do numero 4 : 1, 2, Fizz
2020-07-13 00:46:56 [main] INFO  c.b.f.business.FizzBuzzBusiness - Calculando o fizbuzz do numero 15
2020-07-13 00:46:56 [main] INFO  c.b.f.business.FizzBuzzBusiness - Calculado o fizbuzz do numero 16 : 1, 2, Fizz, 4, Buzz, Fizz, 7, 8, Fizz, Buzz, 11, Fizz, 13, 14, Fizz Buzz
2020-07-13 00:47:16 [main] INFO  c.b.f.business.FizzBuzzBusiness - Calculando o fizbuzz do numero -1
2020-07-13 00:47:16 [main] INFO  c.b.f.business.FizzBuzzBusiness - Calculando o fizbuzz do numero 5
2020-07-13 00:47:16 [main] INFO  c.b.f.business.FizzBuzzBusiness - Calculado o fizbuzz do numero 6 : 1, 2, Fizz, 4, Buzz
2020-07-13 00:47:16 [main] INFO  c.b.f.business.FizzBuzzBusiness - Calculando o fizbuzz do numero 0
2020-07-13 00:47:16 [main] INFO  c.b.f.business.FizzBuzzBusiness - Calculando o fizbuzz do numero 3
2020-07-13 00:47:16 [main] INFO  c.b.f.business.FizzBuzzBusiness - Calculado o fizbuzz do numero 4 : 1, 2, Fizz
2020-07-13 00:47:16 [main] INFO  c.b.f.business.FizzBuzzBusiness - Calculando o fizbuzz do numero 15
2020-07-13 00:47:16 [main] INFO  c.b.f.business.FizzBuzzBusiness - Calculado o fizbuzz do numero 16 : 1, 2, Fizz, 4, Buzz, Fizz, 7, 8, Fizz, Buzz, 11, Fizz, 13, 14, Fizz Buzz
2020-07-13 00:59:26 [main] INFO  c.b.f.business.FizzBuzzBusiness - Calculando o fizbuzz do numero -1
2020-07-13 00:59:26 [main] INFO  c.b.f.business.FizzBuzzBusiness - Calculando o fizbuzz do numero 5
2020-07-13 00:59:26 [main] INFO  c.b.f.business.FizzBuzzBusiness - Calculado o fizbuzz do numero 5 : 1, 2, Fizz, 4, Buzz
2020-07-13 00:59:26 [main] INFO  c.b.f.business.FizzBuzzBusiness - Calculando o fizbuzz do numero 0
2020-07-13 00:59:26 [main] INFO  c.b.f.business.FizzBuzzBusiness - Calculando o fizbuzz do numero 3
2020-07-13 00:59:26 [main] INFO  c.b.f.business.FizzBuzzBusiness - Calculado o fizbuzz do numero 3 : 1, 2, Fizz
2020-07-13 00:59:26 [main] INFO  c.b.f.business.FizzBuzzBusiness - Calculando o fizbuzz do numero 15
2020-07-13 00:59:26 [main] INFO  c.b.f.business.FizzBuzzBusiness - Calculado o fizbuzz do numero 15 : 1, 2, Fizz, 4, Buzz, Fizz, 7, 8, Fizz, Buzz, 11, Fizz, 13, 14, Fizz Buzz
2020-07-13 02:00:12 [main] INFO  c.b.f.business.FizzBuzzBusiness - Calculando o fizbuzz do numero -1
2020-07-13 02:00:12 [main] INFO  c.b.f.business.FizzBuzzBusiness - Calculando o fizbuzz do numero 5
2020-07-13 02:00:12 [main] INFO  c.b.f.business.FizzBuzzBusiness - Calculado o fizbuzz do numero 5 : 1, 2, Fizz, 4, Buzz
2020-07-13 02:00:12 [main] INFO  c.b.f.business.FizzBuzzBusiness - Calculando o fizbuzz do numero 0
2020-07-13 02:00:12 [main] INFO  c.b.f.business.FizzBuzzBusiness - Calculando o fizbuzz do numero 3
2020-07-13 02:00:12 [main] INFO  c.b.f.business.FizzBuzzBusiness - Calculado o fizbuzz do numero 3 : 1, 2, Fizz
2020-07-13 02:00:12 [main] INFO  c.b.f.business.FizzBuzzBusiness - Calculando o fizbuzz do numero 15
2020-07-13 02:00:12 [main] INFO  c.b.f.business.FizzBuzzBusiness - Calculado o fizbuzz do numero 15 : 1, 2, Fizz, 4, Buzz, Fizz, 7, 8, Fizz, Buzz, 11, Fizz, 13, 14, Fizz Buzz
2020-07-13 02:00:24 [restartedMain] ERROR o.s.boot.SpringApplication - Application run failed
java.lang.IllegalStateException: Logback configuration error detected: 
ERROR in ch.qos.logback.core.joran.action.AppenderAction - Could not create an Appender of type [io.logz.logback.LogzioLogbackAppender]. ch.qos.logback.core.util.DynamicClassLoadingException: Failed to instantiate type io.logz.logback.LogzioLogbackAppender
ERROR in ch.qos.logback.core.joran.spi.Interpreter@33:90 - ActionException in Action for tag [appender] ch.qos.logback.core.joran.spi.ActionException: ch.qos.logback.core.util.DynamicClassLoadingException: Failed to instantiate type io.logz.logback.LogzioLogbackAppender
ERROR in ch.qos.logback.core.joran.action.AppenderRefAction - Could not find an appender named [LogzioLogbackAppender]. Did you define it below instead of above in the configuration file?
ERROR in ch.qos.logback.core.joran.action.AppenderRefAction - See http://logback.qos.ch/codes.html#appender_order for more details.
	at org.springframework.boot.logging.logback.LogbackLoggingSystem.loadConfiguration(LogbackLoggingSystem.java:169)
	at org.springframework.boot.logging.logback.LogbackLoggingSystem.reinitialize(LogbackLoggingSystem.java:222)
	at org.springframework.boot.logging.AbstractLoggingSystem.initializeWithConventions(AbstractLoggingSystem.java:73)
	at org.springframework.boot.logging.AbstractLoggingSystem.initialize(AbstractLoggingSystem.java:60)
	at org.springframework.boot.logging.logback.LogbackLoggingSystem.initialize(LogbackLoggingSystem.java:118)
	at org.springframework.boot.context.logging.LoggingApplicationListener.initializeSystem(LoggingApplicationListener.java:306)
	at org.springframework.boot.context.logging.LoggingApplicationListener.initialize(LoggingApplicationListener.java:281)
	at org.springframework.boot.context.logging.LoggingApplicationListener.onApplicationEnvironmentPreparedEvent(LoggingApplicationListener.java:239)
	at org.springframework.boot.context.logging.LoggingApplicationListener.onApplicationEvent(LoggingApplicationListener.java:216)
	at org.springframework.context.event.SimpleApplicationEventMulticaster.doInvokeListener(SimpleApplicationEventMulticaster.java:172)
	at org.springframework.context.event.SimpleApplicationEventMulticaster.invokeListener(SimpleApplicationEventMulticaster.java:165)
	at org.springframework.context.event.SimpleApplicationEventMulticaster.multicastEvent(SimpleApplicationEventMulticaster.java:139)
	at org.springframework.context.event.SimpleApplicationEventMulticaster.multicastEvent(SimpleApplicationEventMulticaster.java:127)
	at org.springframework.boot.context.event.EventPublishingRunListener.environmentPrepared(EventPublishingRunListener.java:80)
	at org.springframework.boot.SpringApplicationRunListeners.environmentPrepared(SpringApplicationRunListeners.java:53)
	at org.springframework.boot.SpringApplication.prepareEnvironment(SpringApplication.java:345)
	at org.springframework.boot.SpringApplication.run(SpringApplication.java:308)
	at org.springframework.boot.SpringApplication.run(SpringApplication.java:1237)
	at org.springframework.boot.SpringApplication.run(SpringApplication.java:1226)
	at com.barauna.fizzbuzz.FizzbuzzApplication.main(FizzbuzzApplication.java:12)
	at sun.reflect.NativeMethodAccessorImpl.invoke0(Native Method)
	at sun.reflect.NativeMethodAccessorImpl.invoke(NativeMethodAccessorImpl.java:62)
	at sun.reflect.DelegatingMethodAccessorImpl.invoke(DelegatingMethodAccessorImpl.java:43)
	at java.lang.reflect.Method.invoke(Method.java:498)
	at org.springframework.boot.devtools.restart.RestartLauncher.run(RestartLauncher.java:49)
2020-07-13 02:02:44 [main] INFO  c.b.f.business.FizzBuzzBusiness - Calculando o fizbuzz do numero -1
2020-07-13 02:02:44 [main] INFO  c.b.f.business.FizzBuzzBusiness - Calculando o fizbuzz do numero 5
2020-07-13 02:02:44 [main] INFO  c.b.f.business.FizzBuzzBusiness - Calculado o fizbuzz do numero 5 : 1, 2, Fizz, 4, Buzz
2020-07-13 02:02:44 [main] INFO  c.b.f.business.FizzBuzzBusiness - Calculando o fizbuzz do numero 0
2020-07-13 02:02:44 [main] INFO  c.b.f.business.FizzBuzzBusiness - Calculando o fizbuzz do numero 3
2020-07-13 02:02:44 [main] INFO  c.b.f.business.FizzBuzzBusiness - Calculado o fizbuzz do numero 3 : 1, 2, Fizz
2020-07-13 02:02:44 [main] INFO  c.b.f.business.FizzBuzzBusiness - Calculando o fizbuzz do numero 15
2020-07-13 02:02:44 [main] INFO  c.b.f.business.FizzBuzzBusiness - Calculado o fizbuzz do numero 15 : 1, 2, Fizz, 4, Buzz, Fizz, 7, 8, Fizz, Buzz, 11, Fizz, 13, 14, Fizz Buzz
2020-07-13 02:04:36 [main] INFO  c.b.f.business.FizzBuzzBusiness - Calculando o fizbuzz do numero -1
2020-07-13 02:04:36 [main] INFO  c.b.f.business.FizzBuzzBusiness - Calculando o fizbuzz do numero 5
2020-07-13 02:04:36 [main] INFO  c.b.f.business.FizzBuzzBusiness - Calculado o fizbuzz do numero 5 : 1, 2, Fizz, 4, Buzz
2020-07-13 02:04:36 [main] INFO  c.b.f.business.FizzBuzzBusiness - Calculando o fizbuzz do numero 0
2020-07-13 02:04:36 [main] INFO  c.b.f.business.FizzBuzzBusiness - Calculando o fizbuzz do numero 3
2020-07-13 02:04:36 [main] INFO  c.b.f.business.FizzBuzzBusiness - Calculado o fizbuzz do numero 3 : 1, 2, Fizz
2020-07-13 02:04:36 [main] INFO  c.b.f.business.FizzBuzzBusiness - Calculando o fizbuzz do numero 15
2020-07-13 02:04:36 [main] INFO  c.b.f.business.FizzBuzzBusiness - Calculado o fizbuzz do numero 15 : 1, 2, Fizz, 4, Buzz, Fizz, 7, 8, Fizz, Buzz, 11, Fizz, 13, 14, Fizz Buzz
2020-07-13 02:06:15 [main] INFO  c.b.f.business.FizzBuzzBusiness - Calculando o fizbuzz do numero -1
2020-07-13 02:06:15 [main] INFO  c.b.f.business.FizzBuzzBusiness - Calculando o fizbuzz do numero 5
2020-07-13 02:06:15 [main] INFO  c.b.f.business.FizzBuzzBusiness - Calculado o fizbuzz do numero 5 : 1, 2, Fizz, 4, Buzz
2020-07-13 02:06:15 [main] INFO  c.b.f.business.FizzBuzzBusiness - Calculando o fizbuzz do numero 0
2020-07-13 02:06:15 [main] INFO  c.b.f.business.FizzBuzzBusiness - Calculando o fizbuzz do numero 3
2020-07-13 02:06:15 [main] INFO  c.b.f.business.FizzBuzzBusiness - Calculado o fizbuzz do numero 3 : 1, 2, Fizz
2020-07-13 02:06:15 [main] INFO  c.b.f.business.FizzBuzzBusiness - Calculando o fizbuzz do numero 15
2020-07-13 02:06:15 [main] INFO  c.b.f.business.FizzBuzzBusiness - Calculado o fizbuzz do numero 15 : 1, 2, Fizz, 4, Buzz, Fizz, 7, 8, Fizz, Buzz, 11, Fizz, 13, 14, Fizz Buzz
